A DOWN
B UP
A DOWN
B LEFT
A DOWN
B UP
A DOWN
B UP
A DOWN
B LEFT
A RIGHT
B LEFT
A RIGHT
B LEFT
A RIGHT
B LEFT
A DOWN
B DOWN
A DOWN
B UP
A DOWN
B DOWN
A RIGHT
B UP
A RIGHT
B DOWN
B UP
B DOWN
B UP
A RIGHT
B DOWN
A DOWN
B UP
A DOWN
B RIGHT
A DOWN
B RIGHT
A DOWN
B RIGHT
A RIGHT
B RIGHT
A RIGHT
B DOWN
A RIGHT
B DOWN
A RIGHT
B LEFT
A UP
B LEFT
A UP
B LEFT
A RIGHT
B DOWN
A UP
B LEFT
A LEFT
B LEFT
A UP
B UP
A UP
B LEFT
A LEFT
B LEFT
A DOWN
A DOWN
A LEFT
A DOWN
B LEFT
A RIGHT
B DOWN
A DOWN
B LEFT
A DOWN
B LEFT
A LEFT
B LEFT
A LEFT
B LEFT
A DOWN
B LEFT
A DOWN
B LEFT
A LEFT
B LEFT
A LEFT
B LEFT
A LEFT
B RIGHT
A UP
B RIGHT
A LEFT
B RIGHT
A LEFT
B UP
A LEFT
B UP
A LEFT
A DOWN
A DOWN
A DOWN
B UP
A DOWN
B UP
A DOWN
B UP
A DOWN
B LEFT
A UP
B UP
A UP
B LEFT
A UP
B LEFT
A UP
B DOWN
A UP
B UP
A UP
B LEFT
A DOWN
B LEFT
A DOWN
B DOWN
A DOWN
B DOWN
A DOWN
B DOWN
A DOWN
B DOWN
A DOWN
B DOWN
A 
B Win
A Score: -100
B Score: 60
invalid output format