A RIGHT
B UP
A RIGHT
B UP
A DOWN
B UP
A RIGHT
B UP
A RIGHT
B UP
A LEFT
B LEFT
A LEFT
B LEFT
A LEFT
B LEFT
A DOWN
B UP
A DOWN
B UP
A RIGHT
B RIGHT
A RIGHT
B RIGHT
A RIGHT
B RIGHT
A RIGHT
B UP
A UP
B UP
A DOWN
B UP
A RIGHT
B UP
A RIGHT
B LEFT
A RIGHT
B LEFT
A RIGHT
B LEFT
A DOWN
B LEFT
A DOWN
B UP
A LEFT
B UP
A LEFT
B RIGHT
A DOWN
B RIGHT
A DOWN
B RIGHT
A RIGHT
B RIGHT
A DOWN
B UP
A DOWN
B UP
A DOWN
B UP
A RIGHT
B UP
A RIGHT
B UP
A RIGHT
B UP
A UP
B DOWN
A LEFT
B DOWN
A UP
B DOWN
A LEFT
B DOWN
A UP
B DOWN
A RIGHT
B DOWN
A RIGHT
B LEFT
A RIGHT
B LEFT
A UP
B UP
A DOWN
B DOWN
A RIGHT
B LEFT
A DOWN
B LEFT
A DOWN
B DOWN
A DOWN
B DOWN
A DOWN
B RIGHT
A RIGHT
B RIGHT
B RIGHT
B DOWN
B DOWN
A DOWN
B UP
A DOWN
B UP
A DOWN
B LEFT
A LEFT
B LEFT
A LEFT
B LEFT
A LEFT
B UP
A LEFT
B UP
A LEFT
B UP
A LEFT
B LEFT
A LEFT
B LEFT
A LEFT
B LEFT
A LEFT
B LEFT
A LEFT
B LEFT
A UP
B LEFT
A LEFT
B LEFT
A LEFT
B LEFT
A DOWN
B DOWN
A UP
B DOWN
A LEFT
B RIGHT
A LEFT
B DOWN
A DOWN
B DOWN
A DOWN
B DOWN
A DOWN
B DOWN
A DOWN
B DOWN
A DOWN
B LEFT
A DOWN
B DOWN
A UP
B DOWN
A DOWN
B LEFT
A UP
B LEFT
A DOWN
B LEFT
A UP
B UP
A DOWN
B LEFT
A UP
B LEFT
A DOWN
B LEFT
A UP
B LEFT
A DOWN
B DOWN
A UP
B DOWN
A DOWN
B DOWN
A UP
B DOWN
A DOWN
B DOWN
A LEFT
B Win
A Score: -100
B Score: 29
invalid move