A DOWN
B LEFT
A DOWN
B LEFT
A DOWN
B UP
A DOWN
B LEFT
A DOWN
B LEFT
A RIGHT
B RIGHT
A RIGHT
B RIGHT
A RIGHT
B RIGHT
A DOWN
B UP
A DOWN
B UP
A RIGHT
B LEFT
A RIGHT
B LEFT
A UP
B LEFT
A UP
B LEFT
A RIGHT
B DOWN
A RIGHT
B UP
A DOWN
B LEFT
A DOWN
B LEFT
A RIGHT
B LEFT
A RIGHT
B LEFT
A DOWN
B UP
A RIGHT
B UP
A LEFT
B RIGHT
A DOWN
B RIGHT
A LEFT
B UP
A DOWN
B UP
A RIGHT
B LEFT
A RIGHT
B UP
A RIGHT
B LEFT
A DOWN
B UP
A DOWN
B RIGHT
A LEFT
B UP
A LEFT
B LEFT
A UP
B UP
A UP
B UP
A UP
B RIGHT
A UP
B RIGHT
A UP
B RIGHT
A LEFT
B DOWN
A LEFT
B DOWN
A UP
B DOWN
A UP
B DOWN
A RIGHT
B RIGHT
A RIGHT
A RIGHT
A RIGHT
A RIGHT
B DOWN
A RIGHT
B DOWN
A RIGHT
B DOWN
A RIGHT
B LEFT
A DOWN
B LEFT
A RIGHT
B LEFT
A RIGHT
B LEFT
A RIGHT
B LEFT
A RIGHT
B LEFT
A UP
B LEFT
A DOWN
B LEFT
A LEFT
B LEFT
A LEFT
B LEFT
A LEFT
B UP
A RIGHT
B LEFT
A RIGHT
B LEFT
A RIGHT
B DOWN
A LEFT
B UP
A RIGHT
B LEFT
A UP
B LEFT
A UP
B DOWN
A DOWN
B DOWN
A DOWN
B DOWN
A LEFT
B DOWN
A LEFT
B DOWN
A LEFT
B DOWN
A LEFT
B UP
A UP
B DOWN
A LEFT
B UP
A LEFT
B DOWN
A LEFT
B UP
A LEFT
B DOWN
A UP
B UP
A UP
B DOWN
A DOWN
B UP
A DOWN
B DOWN
A LEFT
B UP
A LEFT
B DOWN
A UP
B UP
A DOWN
B DOWN
A RIGHT
B UP
A RIGHT
B DOWN
A RIGHT
B UP
A RIGHT
B DOWN
A RIGHT
B UP
A RIGHT
B DOWN
A DOWN
B UP
A RIGHT
B DOWN
A RIGHT
B UP
A RIGHT
B DOWN
A RIGHT
B UP
A UP
B DOWN
A UP
B UP
A UP
B DOWN
A DOWN
B UP
A DOWN
B DOWN
A DOWN
B UP
A LEFT
B DOWN
A LEFT
B UP
A LEFT
B DOWN
A LEFT
B UP
A UP
B DOWN
A LEFT
B UP
A LEFT
B DOWN
A LEFT
B UP
A LEFT
B DOWN
A UP
B UP
A UP
B DOWN
A LEFT
B UP
A LEFT
B DOWN
A LEFT
B UP
A LEFT
B DOWN
A LEFT
B UP
A LEFT
B DOWN
A LEFT
B UP
A LEFT
B DOWN
A LEFT
B UP
A LEFT
B DOWN
A UP
B UP
A UP
B DOWN
A DOWN
B UP
A DOWN
B DOWN
A RIGHT
B UP
A RIGHT
B DOWN
A RIGHT
B UP
A RIGHT
B DOWN
A RIGHT
B UP
A RIGHT
B DOWN
A RIGHT
B UP
A RIGHT
B DOWN
A DOWN
B UP
A DOWN
B DOWN
A RIGHT
B UP
A RIGHT
B DOWN
A RIGHT
B UP
A RIGHT
B DOWN
A RIGHT
B UP
A RIGHT
B DOWN
A DOWN
B UP
A RIGHT
B DOWN
A RIGHT
B UP
A RIGHT
B DOWN
A RIGHT
B UP
A UP
B DOWN
A UP
B UP
A UP
B DOWN
A UP
B UP
A UP
B DOWN
A UP
B UP
A DOWN
B DOWN
A DOWN
B UP
A DOWN
B DOWN
A DOWN
B UP
A DOWN
B DOWN
A DOWN
B UP
A LEFT
B DOWN
A LEFT
B UP
A UP
B DOWN
A DOWN
B UP
A LEFT
B DOWN
A LEFT
B UP
A UP
B DOWN
A LEFT
B UP
A UP
B DOWN
A UP
B UP
A UP
B DOWN
B UP
B DOWN
B UP
A UP
B DOWN
A UP
B UP
A RIGHT
B DOWN
A RIGHT
B UP
A RIGHT
B DOWN
A LEFT
B UP
A LEFT
B DOWN
A LEFT
B UP
A DOWN
B DOWN
A DOWN
B UP
A DOWN
B DOWN
A DOWN
B UP
A DOWN
B DOWN
A LEFT
B UP
A LEFT
B DOWN
A DOWN
B UP
A DOWN
B DOWN
A LEFT
B UP
A LEFT
B DOWN
A DOWN
B UP
A DOWN
B DOWN
A DOWN
B UP
A DOWN
B DOWN
A DOWN
B UP
A LEFT
B DOWN
A LEFT
B UP
A LEFT
B DOWN
A DOWN
B UP
A DOWN
B DOWN
A LEFT
B UP
A LEFT
B DOWN
A LEFT
B UP
A UP
B DOWN
A LEFT
B UP
A LEFT
B DOWN
A LEFT
B UP
A LEFT
B DOWN
A DOWN
B UP
A DOWN
B DOWN
A DOWN
B UP
A DOWN
B DOWN
A DOWN
B LEFT
A Win
A Score: 1028
B Score: -100
invalid move