A DOWN
B UP
A DOWN
B UP
A DOWN
B UP
A DOWN
B LEFT
A DOWN
B LEFT
A RIGHT
B RIGHT
A RIGHT
B LEFT
A RIGHT
B RIGHT
A DOWN
B LEFT
A DOWN
B RIGHT
A RIGHT
B LEFT
A RIGHT
B RIGHT
A UP
B LEFT
A UP
B RIGHT
A RIGHT
B LEFT
A RIGHT
B RIGHT
A DOWN
B LEFT
A DOWN
B RIGHT
A RIGHT
B LEFT
A RIGHT
B RIGHT
A DOWN
B LEFT
A RIGHT
B RIGHT
A LEFT
B LEFT
A DOWN
B RIGHT
A LEFT
B LEFT
A DOWN
B RIGHT
A RIGHT
B LEFT
A RIGHT
B RIGHT
A RIGHT
B LEFT
A LEFT
B RIGHT
A DOWN
B LEFT
A DOWN
B RIGHT
A LEFT
B LEFT
A UP
B RIGHT
A UP
B LEFT
A UP
B RIGHT
A UP
B LEFT
A UP
B RIGHT
A RIGHT
B LEFT
A LEFT
B RIGHT
A LEFT
B LEFT
A LEFT
B RIGHT
A UP
B LEFT
A UP
B RIGHT
A RIGHT
B LEFT
A RIGHT
B RIGHT
A RIGHT
B LEFT
A RIGHT
B RIGHT
A RIGHT
B LEFT
A RIGHT
B RIGHT
A RIGHT
B LEFT
A RIGHT
B RIGHT
A DOWN
B LEFT
A RIGHT
B RIGHT
A RIGHT
B LEFT
A RIGHT
B RIGHT
A RIGHT
A Win
A Score: 58
B Score: -100
time out