A DOWN
B UP
A DOWN
B UP
A DOWN
B UP
A DOWN
B UP
A DOWN
B UP
A RIGHT
B LEFT
A RIGHT
B LEFT
A RIGHT
B LEFT
A DOWN
B UP
A DOWN
B UP
A DOWN
B RIGHT
A RIGHT
B RIGHT
A RIGHT
B RIGHT
B UP
B UP
B UP
A RIGHT
B UP
A DOWN
B LEFT
A DOWN
B LEFT
A DOWN
B LEFT
A DOWN
B LEFT
A RIGHT
B UP
A RIGHT
B UP
A RIGHT
B RIGHT
A UP
B RIGHT
A RIGHT
B RIGHT
A UP
B RIGHT
A RIGHT
B UP
A UP
B DOWN
A LEFT
B LEFT
A LEFT
B LEFT
A UP
B LEFT
A DOWN
B LEFT
A LEFT
B UP
A DOWN
B LEFT
A UP
B LEFT
A RIGHT
B LEFT
A UP
B DOWN
A RIGHT
B DOWN
A UP
B LEFT
A LEFT
B LEFT
A LEFT
B LEFT
A DOWN LEFT
B Win
A Score: -100
B Score: 9
invalid output format