A DOWN
B LEFT
A RIGHT
B LEFT
A DOWN
B UP
A DOWN
B LEFT
A RIGHT
B LEFT
A RIGHT
B DOWN
A RIGHT
B LEFT
A RIGHT
B LEFT
A UP
B UP
A DOWN
B LEFT
A UP
B LEFT
A DOWN
A UP
A DOWN
A UP
B UP
A DOWN
B UP
A UP
B LEFT
A DOWN
B UP
A UP
B UP
A DOWN
B RIGHT
A LEFT
B RIGHT
A LEFT
B UP
A LEFT
B UP
A LEFT
B LEFT
A UP
B LEFT
A UP
B UP
A RIGHT
B LEFT
A RIGHT
B RIGHT
A RIGHT
B LEFT
A UP
B RIGHT
A RIGHT
B LEFT
A RIGHT
B RIGHT
A DOWN
B LEFT
A RIGHT
B RIGHT
A RIGHT
B LEFT
B RIGHT
B LEFT
B RIGHT
A UP
B LEFT
A RIGHT
B RIGHT
A RIGHT
B LEFT
A RIGHT
B RIGHT
A RIGHT
B LEFT
A RIGHT
B RIGHT
A RIGHT
B LEFT
A RIGHT
B UP
A RIGHT
B UP
A RIGHT
B UP
A LEFT
B UP
A LEFT
B RIGHT
A LEFT
B DOWN
A DOWN
B LEFT
A DOWN
B DOWN
B LEFT
B DOWN
B RIGHT
A DOWN
B RIGHT
A DOWN
B RIGHT
A DOWN
B UP
A RIGHT
B DOWN
A DOWN
B LEFT
A RIGHT
B DOWN
A RIGHT
B DOWN
A UP
B UP
A DOWN
B DOWN
A RIGHT
B UP
A RIGHT
B UP
A UP
B UP
A UP
B UP
A UP
B UP
A UP
B RIGHT
A UP
B RIGHT
A DOWN
B UP
A DOWN
B UP
A DOWN
B RIGHT
A DOWN
B RIGHT
A DOWN
B RIGHT
A LEFT
B BOWN
A Win
A Score: 64
B Score: -100
invalid output format